mini-app-water-ripple/build/intermediates/manifest_merge_blame_file/blueDebug/manifest-merger-blame-blue-debug-report.txt
1<?xml version="1.0" encoding="utf-8"?>
2<manifest xmlns:android="http://schemas.android.com/apk/res/android"
3    package="com.yassin.sobhanallahwatereffect"
4    android:versionCode="144012"
5    android:versionName="4.1.1" >
6
7    <uses-sdk
8        android:minSdkVersion="21"
8-->src\main\AndroidManifest.xml
9        android:targetSdkVersion="29" />
9-->src\main\AndroidManifest.xml
10
11    <uses-feature android:glEsVersion="0x00020000" />
11-->src\main\AndroidManifest.xml:5:5-54
11-->src\main\AndroidManifest.xml:5:19-51
12    <uses-feature android:name="android.software.live_wallpaper" />
12-->src\main\AndroidManifest.xml:6:5-68
12-->src\main\AndroidManifest.xml:6:19-65
13
14    <uses-permission android:name="android.permission.SET_WALLPAPER" />
14-->src\main\AndroidManifest.xml:8:5-72
14-->src\main\AndroidManifest.xml:8:22-69
15
16    <application
16-->src\main\AndroidManifest.xml:10:5-48:19
17        android:appComponentFactory="androidx.core.app.CoreComponentFactory"
17-->[androidx.core:core:1.3.1] AndroidManifest.xml:24:18-86
18        android:debuggable="true"
19        android:icon="@mipmap/ic_launcher"
19-->src\main\AndroidManifest.xml:11:9-43
20        android:label="@string/app_name"
20-->src\main\AndroidManifest.xml:12:9-41
21        android:testOnly="true"
22        android:theme="@style/Theme" >
22-->src\main\AndroidManifest.xml:13:9-37
23        <service
23-->src\main\AndroidManifest.xml:15:9-26:19
24            android:name="com.yassin.wallpaper.WallpaperEngine"
24-->src\main\AndroidManifest.xml:16:13-44
25            android:label="@string/lwp_name"
25-->src\main\AndroidManifest.xml:17:13-45
26            android:permission="android.permission.BIND_WALLPAPER" >
26-->src\main\AndroidManifest.xml:18:13-67
27            <intent-filter>
27-->src\main\AndroidManifest.xml:19:13-21:29
28                <action android:name="android.service.wallpaper.WallpaperService" />
28-->src\main\AndroidManifest.xml:20:17-85
28-->src\main\AndroidManifest.xml:20:25-82
29            </intent-filter>
30
31            <meta-data
31-->src\main\AndroidManifest.xml:23:13-25:53
32                android:name="android.service.wallpaper"
32-->src\main\AndroidManifest.xml:24:17-57
33                android:resource="@xml/wallpaper" />
33-->src\main\AndroidManifest.xml:25:17-50
34        </service>
35
36        <activity
36-->src\main\AndroidManifest.xml:28:9-36:20
37            android:name="com.sfaxdroid.engine.WallpaperSettings"
37-->src\main\AndroidManifest.xml:29:13-66
38            android:exported="true"
38-->src\main\AndroidManifest.xml:30:13-36
39            android:hardwareAccelerated="false"
39-->src\main\AndroidManifest.xml:31:13-48
40            android:label="Settings" >
40-->src\main\AndroidManifest.xml:32:13-37
41            <intent-filter>
41-->src\main\AndroidManifest.xml:33:13-35:29
42                <category android:name="android.intent.category.PREFERENCE" />
42-->src\main\AndroidManifest.xml:34:17-79
42-->src\main\AndroidManifest.xml:34:27-76
43            </intent-filter>
44        </activity>
45        <activity
45-->src\main\AndroidManifest.xml:37:9-47:20
46            android:name="com.yassin.wallpaper.MainActivity"
46-->src\main\AndroidManifest.xml:38:13-41
47            android:hardwareAccelerated="false"
47-->src\main\AndroidManifest.xml:39:13-48
48            android:label="@string/app_name"
48-->src\main\AndroidManifest.xml:40:13-45
49            android:screenOrientation="fullSensor" >
49-->src\main\AndroidManifest.xml:41:13-51
50            <intent-filter>
50-->src\main\AndroidManifest.xml:42:13-46:29
51                <action android:name="android.intent.action.MAIN" />
51-->src\main\AndroidManifest.xml:43:17-69
51-->src\main\AndroidManifest.xml:43:25-66
52
53                <category android:name="android.intent.category.LAUNCHER" />
53-->src\main\AndroidManifest.xml:45:17-77
53-->src\main\AndroidManifest.xml:45:27-74
54            </intent-filter>
55        </activity>
56    </application>
57
58</manifest>